# JRE version: OpenJDK Runtime Environment (11.0.8+10) (build 11.0.8+10-b944.6842174)
# Java VM: OpenJDK 64-Bit Server VM (11.0.8+10-b944.6842174, mixed mode, tiered, compressed oops, g1 gc, windows-amd64)
Heap:
 garbage-first heap   total 251904K, used 81412K [0x0000000080000000, 0x0000000100000000)
  region size 1024K, 39 young (39936K), 6 survivors (6144K)
 Metaspace       used 61521K, capacity 62880K, committed 63104K, reserved 1103872K
  class space    used 7795K, capacity 8309K, committed 8320K, reserved 1048576K
GC Heap History (16 events):
Event: 0.624 GC heap before
{Heap before GC invocations=0 (full 0):
 garbage-first heap   total 251904K, used 19456K [0x0000000080000000, 0x0000000100000000)
  region size 1024K, 14 young (14336K), 0 survivors (0K)
 Metaspace       used 7448K, capacity 7647K, committed 7936K, reserved 1056768K
  class space    used 679K, capacity 716K, committed 768K, reserved 1048576K
}
Event: 0.629 GC heap after
{Heap after GC invocations=1 (full 0):
 garbage-first heap   total 251904K, used 8312K [0x0000000080000000, 0x0000000100000000)
  region size 1024K, 2 young (2048K), 2 survivors (2048K)
 Metaspace       used 7448K, capacity 7647K, committed 7936K, reserved 1056768K
  class space    used 679K, capacity 716K, committed 768K, reserved 1048576K
}
Event: 4.282 GC heap before
{Heap before GC invocations=1 (full 0):
 garbage-first heap   total 251904K, used 103544K [0x0000000080000000, 0x0000000100000000)
  region size 1024K, 97 young (99328K), 2 survivors (2048K)
 Metaspace       used 20596K, capacity 21109K, committed 21248K, reserved 1067008K
  class space    used 2523K, capacity 2710K, committed 2816K, reserved 1048576K
}
Event: 4.298 GC heap after
{Heap after GC invocations=2 (full 0):
 garbage-first heap   total 251904K, used 16245K [0x0000000080000000, 0x0000000100000000)
  region size 1024K, 10 young (10240K), 10 survivors (10240K)
 Metaspace       used 20596K, capacity 21109K, committed 21248K, reserved 1067008K
  class space    used 2523K, capacity 2710K, committed 2816K, reserved 1048576K
}
Event: 4.540 GC heap before
{Heap before GC invocations=3 (full 0):
 garbage-first heap   total 251904K, used 28533K [0x0000000080000000, 0x0000000100000000)
  region size 1024K, 22 young (22528K), 10 survivors (10240K)
 Metaspace       used 21773K, capacity 22404K, committed 22528K, reserved 1069056K
  class space    used 2748K, capacity 2972K, committed 3072K, reserved 1048576K
}
Event: 4.554 GC heap after
{Heap after GC invocations=4 (full 0):
 garbage-first heap   total 251904K, used 16954K [0x0000000080000000, 0x0000000100000000)
  region size 1024K, 1 young (1024K), 1 survivors (1024K)
 Metaspace       used 21773K, capacity 22404K, committed 22528K, reserved 1069056K
  class space    used 2748K, capacity 2972K, committed 3072K, reserved 1048576K
}
Event: 5.923 GC heap before
{Heap before GC invocations=4 (full 0):
 garbage-first heap   total 251904K, used 65082K [0x0000000080000000, 0x0000000100000000)
  region size 1024K, 48 young (49152K), 1 survivors (1024K)
 Metaspace       used 27106K, capacity 27807K, committed 27904K, reserved 1073152K
  class space    used 3557K, capacity 3820K, committed 3840K, reserved 1048576K
}
Event: 5.929 GC heap after
{Heap after GC invocations=5 (full 0):
 garbage-first heap   total 251904K, used 18521K [0x0000000080000000, 0x0000000100000000)
  region size 1024K, 3 young (3072K), 3 survivors (3072K)
 Metaspace       used 27106K, capacity 27807K, committed 27904K, reserved 1073152K
  class space    used 3557K, capacity 3820K, committed 3840K, reserved 1048576K
}
Event: 7.049 GC heap before
{Heap before GC invocations=5 (full 0):
 garbage-first heap   total 251904K, used 55385K [0x0000000080000000, 0x0000000100000000)
  region size 1024K, 41 young (41984K), 3 survivors (3072K)
 Metaspace       used 35052K, capacity 35797K, committed 35840K, reserved 1081344K
  class space    used 4556K, capacity 4824K, committed 4864K, reserved 1048576K
}
Event: 7.060 GC heap after
{Heap after GC invocations=6 (full 0):
 garbage-first heap   total 251904K, used 21271K [0x0000000080000000, 0x0000000100000000)
  region size 1024K, 6 young (6144K), 6 survivors (6144K)
 Metaspace       used 35052K, capacity 35797K, committed 35840K, reserved 1081344K
  class space    used 4556K, capacity 4824K, committed 4864K, reserved 1048576K
}
Event: 8.660 GC heap before
{Heap before GC invocations=7 (full 0):
 garbage-first heap   total 251904K, used 107287K [0x0000000080000000, 0x0000000100000000)
  region size 1024K, 87 young (89088K), 6 survivors (6144K)
 Metaspace       used 42764K, capacity 43707K, committed 43776K, reserved 1087488K
  class space    used 5498K, capacity 5859K, committed 5888K, reserved 1048576K
}
Event: 8.681 GC heap after
{Heap after GC invocations=8 (full 0):
 garbage-first heap   total 251904K, used 26124K [0x0000000080000000, 0x0000000100000000)
  region size 1024K, 10 young (10240K), 10 survivors (10240K)
 Metaspace       used 42764K, capacity 43707K, committed 43776K, reserved 1087488K
  class space    used 5498K, capacity 5859K, committed 5888K, reserved 1048576K
}
Event: 10.454 GC heap before
{Heap before GC invocations=8 (full 0):
 garbage-first heap   total 251904K, used 139788K [0x0000000080000000, 0x0000000100000000)
  region size 1024K, 116 young (118784K), 10 survivors (10240K)
 Metaspace       used 49890K, capacity 51058K, committed 51328K, reserved 1093632K
  class space    used 6329K, capacity 6711K, committed 6784K, reserved 1048576K
}
Event: 10.479 GC heap after
{Heap after GC invocations=9 (full 0):
 garbage-first heap   total 251904K, used 42494K [0x0000000080000000, 0x0000000100000000)
  region size 1024K, 15 young (15360K), 15 survivors (15360K)
 Metaspace       used 49890K, capacity 51058K, committed 51328K, reserved 1093632K
  class space    used 6329K, capacity 6711K, committed 6784K, reserved 1048576K
}
Event: 12.618 GC heap before
{Heap before GC invocations=9 (full 0):
 garbage-first heap   total 251904K, used 113150K [0x0000000080000000, 0x0000000100000000)
  region size 1024K, 85 young (87040K), 15 survivors (15360K)
 Metaspace       used 58650K, capacity 60023K, committed 60160K, reserved 1101824K
  class space    used 7441K, capacity 7958K, committed 8064K, reserved 1048576K
}
Event: 12.664 GC heap after
{Heap after GC invocations=10 (full 0):
 garbage-first heap   total 251904K, used 48644K [0x0000000080000000, 0x0000000100000000)
  region size 1024K, 6 young (6144K), 6 survivors (6144K)
 Metaspace       used 58650K, capacity 60023K, committed 60160K, reserved 1101824K
  class space    used 7441K, capacity 7958K, committed 8064K, reserved 1048576K
}

